<xml>
  <key>juhe key</key>
</xml>
